<?xml version="1.0" encoding="UTF-8"?>
<!-- Generated by org.testng.reporters.JUnitReportReporter -->
<testsuite hostname="D-113202868" failures="0" tests="1" name="com.sunpharma.testcases.LoginPageTest" time="24.211" errors="0" timestamp="03 Mar 2020 09:55:07 GMT" skipped="0">
  <testcase classname="com.sunpharma.testcases.LoginPageTest" name="verifyRegistrationTest" time="24.211"/>
</testsuite> <!-- com.sunpharma.testcases.LoginPageTest -->
