<?xml version="1.0" encoding="UTF-8"?>
<!-- Generated by org.testng.reporters.JUnitReportReporter -->
<testsuite hostname="D-113202868" failures="0" tests="2" name="com.sunpharma.testcases.AmazonSunPharmaTests" time="88.291" errors="0" timestamp="04 Mar 2020 05:24:43 GMT" skipped="0">
  <testcase classname="com.sunpharma.testcases.AmazonSunPharmaTests" name="RegistrationTest" time="27.731"/>
  <testcase classname="com.sunpharma.testcases.AmazonSunPharmaTests" name="LoginBuyItemsTest" time="60.560"/>
</testsuite> <!-- com.sunpharma.testcases.AmazonSunPharmaTests -->
